#
# There is insufficient memory for the Java Runtime Environment to continue.
# Native memory allocation (malloc) failed to allocate 32744 bytes for ChunkPool::allocate
# Possible reasons:
#   The system is out of physical RAM or swap space
#   In 32 bit mode, the process size limit was hit
# Possible solutions:
#   Reduce memory load on the system
#   Increase physical memory or swap space
#   Check if swap backing store is full
#   Use 64 bit Java on a 64 bit OS
#   Decrease Java heap size (-Xmx/-Xms)
#   Decrease number of Java threads
#   Decrease Java thread stack sizes (-Xss)
#   Set larger code cache with -XX:ReservedCodeCacheSize=
# This output file may be truncated or incomplete.
#
#  Out of Memory Error (allocation.cpp:273), pid=7308, tid=7516
#
# JRE version: Java(TM) SE Runtime Environment (8.0_20-b26) (build 1.8.0_20-b26)
# Java VM: Java HotSpot(TM) 64-Bit Server VM (25.20-b23 mixed mode windows-amd64 compressed oops)
# Failed to write core dump. Minidumps are not enabled by default on client versions of Windows
#

---------------  T H R E A D  ---------------

Current thread (0x0000000019016800):  JavaThread "C1 CompilerThread2" daemon [_thread_in_native, id=7516, stack(0x0000000019af0000,0x0000000019bf0000)]

Stack: [0x0000000019af0000,0x0000000019bf0000]
[error occurred during error reporting (printing stack bounds), id 0xc0000005]

Native frames: (J=compiled Java code, j=interpreted, Vv=VM code, C=native code)
V  [jvm.dll+0x3152fa]


Current CompileTask:
C1:  20502 3594       1       org.springframework.asm.ClassReader::readCode (5085 bytes)


---------------  P R O C E S S  ---------------

Java Threads: ( => current thread )
  0x00000000192c0000 JavaThread "spring.cloud.inetutils" daemon [_thread_blocked, id=11772, stack(0x000000001cff0000,0x000000001d0f0000)]
  0x00000000186af000 JavaThread "restartedMain" [_thread_in_vm, id=12196, stack(0x000000001a020000,0x000000001a120000)]
  0x000000001a794000 JavaThread "Thread-1" [_thread_blocked, id=12276, stack(0x000000001b7b0000,0x000000001b8b0000)]
  0x00000000191ad000 JavaThread "RMI TCP Accept-0" daemon [_thread_in_native, id=11392, stack(0x000000001a2c0000,0x000000001a3c0000)]
  0x0000000019019000 JavaThread "Service Thread" daemon [_thread_blocked, id=8148, stack(0x0000000019510000,0x0000000019610000)]
=>0x0000000019016800 JavaThread "C1 CompilerThread2" daemon [_thread_in_native, id=7516, stack(0x0000000019af0000,0x0000000019bf0000)]
  0x0000000018ff5000 JavaThread "C2 CompilerThread1" daemon [_thread_blocked, id=6496, stack(0x0000000019730000,0x0000000019830000)]
  0x0000000018ff4000 JavaThread "C2 CompilerThread0" daemon [_thread_blocked, id=7080, stack(0x00000000188b0000,0x00000000189b0000)]
  0x000000001902b800 JavaThread "Monitor Ctrl-Break" daemon [_thread_in_native, id=11376, stack(0x0000000019620000,0x0000000019720000)]
  0x00000000184d2000 JavaThread "Attach Listener" daemon [_thread_blocked, id=2828, stack(0x0000000018c00000,0x0000000018d00000)]
  0x00000000184cf000 JavaThread "Signal Dispatcher" daemon [_thread_blocked, id=9772, stack(0x0000000018a60000,0x0000000018b60000)]
  0x00000000170c0000 JavaThread "Finalizer" daemon [_thread_blocked, id=9340, stack(0x0000000018280000,0x0000000018380000)]
  0x00000000170b7000 JavaThread "Reference Handler" daemon [_thread_blocked, id=1948, stack(0x00000000183b0000,0x00000000184b0000)]
  0x00000000020ba800 JavaThread "main" [_thread_blocked, id=9044, stack(0x00000000024b0000,0x00000000025b0000)]

Other Threads:
  0x00000000170b4000 VMThread [stack: 0x0000000018160000,0x0000000018260000] [id=2012]
  0x0000000019225000 WatcherThread [stack: 0x000000001a470000,0x000000001a570000] [id=6296]

VM state:not at safepoint (normal execution)

VM Mutex/Monitor currently owned by a thread: None

Heap:
 PSYoungGen      total 170496K, used 42650K [0x00000000d6f80000, 0x00000000e2380000, 0x0000000100000000)
  eden space 160768K, 26% used [0x00000000d6f80000,0x00000000d9926990,0x00000000e0c80000)
  from space 9728K, 0% used [0x00000000e1a00000,0x00000000e1a00000,0x00000000e2380000)
  to   space 11776K, 0% used [0x00000000e0c80000,0x00000000e0c80000,0x00000000e1800000)
 ParOldGen       total 47104K, used 14715K [0x0000000084e00000, 0x0000000087c00000, 0x00000000d6f80000)
  object space 47104K, 31% used [0x0000000084e00000,0x0000000085c5ed18,0x0000000087c00000)
 Metaspace       used 33561K, capacity 35246K, committed 35328K, reserved 1079296K
  class space    used 4714K, capacity 5077K, committed 5120K, reserved 1048576K

Card table byte_map: [0x0000000011970000,0x0000000011d50000] byte_map_base: 0x0000000011549000

Marking Bits: (ParMarkBitMap*) 0x0000000055f5b460
 Begin Bits: [0x00000000125b0000, 0x0000000014478000)
 End Bits:   [0x0000000014478000, 0x0000000016340000)

Polling page: 0x0000000000210000

CodeCache: size=245760Kb used=6746Kb max_used=6746Kb free=239013Kb
 bounds [0x00000000025b0000, 0x0000000002c50000, 0x00000000115b0000]
 total_blobs=3999 nmethods=3546 adapters=366
 compilation: enabled

Compilation events (10 events):
Event: 20.449 Thread 0x0000000019016800 nmethod 3591 0x0000000002c46690 code [0x0000000002c46820, 0x0000000002c46b48]
Event: 20.449 Thread 0x0000000019016800 3592       1       java.util.Arrays::spliterator (10 bytes)
Event: 20.449 Thread 0x0000000019016800 nmethod 3592 0x0000000002c46e10 code [0x0000000002c46f80, 0x0000000002c471e8]
Event: 20.450 Thread 0x0000000019016800 3588       1       sun.reflect.generics.tree.TypeVariableSignature::make (9 bytes)
Event: 20.450 Thread 0x0000000019016800 nmethod 3588 0x0000000002c47390 code [0x0000000002c474e0, 0x0000000002c47630]
Event: 20.450 Thread 0x0000000019016800 3589       1       sun.reflect.generics.tree.TypeVariableSignature::<init> (10 bytes)
Event: 20.450 Thread 0x0000000019016800 nmethod 3589 0x0000000002c47690 code [0x0000000002c477e0, 0x0000000002c47910]
Event: 20.450 Thread 0x0000000019016800 3593       1       com.fasterxml.classmate.members.HierarchicType::isMixin (5 bytes)
Event: 20.450 Thread 0x0000000019016800 nmethod 3593 0x0000000002c47990 code [0x0000000002c47ae0, 0x0000000002c47bf0]
Event: 20.450 Thread 0x0000000019016800 3594       1       org.springframework.asm.ClassReader::readCode (5085 bytes)

GC Heap History (10 events):
Event: 12.384 GC heap before
{Heap before GC invocations=8 (full 1):
 PSYoungGen      total 62976K, used 57856K [0x00000000d6f80000, 0x00000000e0080000, 0x0000000100000000)
  eden space 57856K, 100% used [0x00000000d6f80000,0x00000000da800000,0x00000000da800000)
  from space 5120K, 0% used [0x00000000db280000,0x00000000db280000,0x00000000db780000)
  to   space 10752K, 0% used [0x00000000da800000,0x00000000da800000,0x00000000db280000)
 ParOldGen       total 47104K, used 6954K [0x0000000084e00000, 0x0000000087c00000, 0x00000000d6f80000)
  object space 47104K, 14% used [0x0000000084e00000,0x00000000854ca860,0x0000000087c00000)
 Metaspace       used 22957K, capacity 23842K, committed 24192K, reserved 1071104K
  class space    used 3155K, capacity 3330K, committed 3456K, reserved 1048576K
Event: 12.393 GC heap after
Heap after GC invocations=8 (full 1):
 PSYoungGen      total 68608K, used 3680K [0x00000000d6f80000, 0x00000000df080000, 0x0000000100000000)
  eden space 57856K, 0% used [0x00000000d6f80000,0x00000000d6f80000,0x00000000da800000)
  from space 10752K, 34% used [0x00000000da800000,0x00000000dab980e0,0x00000000db280000)
  to   space 11264K, 0% used [0x00000000de580000,0x00000000de580000,0x00000000df080000)
 ParOldGen       total 47104K, used 6954K [0x0000000084e00000, 0x0000000087c00000, 0x00000000d6f80000)
  object space 47104K, 14% used [0x0000000084e00000,0x00000000854ca860,0x0000000087c00000)
 Metaspace       used 22957K, capacity 23842K, committed 24192K, reserved 1071104K
  class space    used 3155K, capacity 3330K, committed 3456K, reserved 1048576K
}
Event: 13.034 GC heap before
{Heap before GC invocations=9 (full 1):
 PSYoungGen      total 68608K, used 61536K [0x00000000d6f80000, 0x00000000df080000, 0x0000000100000000)
  eden space 57856K, 100% used [0x00000000d6f80000,0x00000000da800000,0x00000000da800000)
  from space 10752K, 34% used [0x00000000da800000,0x00000000dab980e0,0x00000000db280000)
  to   space 11264K, 0% used [0x00000000de580000,0x00000000de580000,0x00000000df080000)
 ParOldGen       total 47104K, used 6954K [0x0000000084e00000, 0x0000000087c00000, 0x00000000d6f80000)
  object space 47104K, 14% used [0x0000000084e00000,0x00000000854ca860,0x0000000087c00000)
 Metaspace       used 23919K, capacity 24888K, committed 25088K, reserved 1071104K
  class space    used 3301K, capacity 3495K, committed 3584K, reserved 1048576K
Event: 13.041 GC heap after
Heap after GC invocations=9 (full 1):
 PSYoungGen      total 116736K, used 4641K [0x00000000d6f80000, 0x00000000dee00000, 0x0000000100000000)
  eden space 108032K, 0% used [0x00000000d6f80000,0x00000000d6f80000,0x00000000dd900000)
  from space 8704K, 53% used [0x00000000de580000,0x00000000dea08458,0x00000000dee00000)
  to   space 10752K, 0% used [0x00000000dd900000,0x00000000dd900000,0x00000000de380000)
 ParOldGen       total 47104K, used 6962K [0x0000000084e00000, 0x0000000087c00000, 0x00000000d6f80000)
  object space 47104K, 14% used [0x0000000084e00000,0x00000000854cc860,0x0000000087c00000)
 Metaspace       used 23919K, capacity 24888K, committed 25088K, reserved 1071104K
  class space    used 3301K, capacity 3495K, committed 3584K, reserved 1048576K
}
Event: 16.292 GC heap before
{Heap before GC invocations=10 (full 1):
 PSYoungGen      total 116736K, used 112673K [0x00000000d6f80000, 0x00000000dee00000, 0x0000000100000000)
  eden space 108032K, 100% used [0x00000000d6f80000,0x00000000dd900000,0x00000000dd900000)
  from space 8704K, 53% used [0x00000000de580000,0x00000000dea08458,0x00000000dee00000)
  to   space 10752K, 0% used [0x00000000dd900000,0x00000000dd900000,0x00000000de380000)
 ParOldGen       total 47104K, used 6962K [0x0000000084e00000, 0x0000000087c00000, 0x00000000d6f80000)
  object space 47104K, 14% used [0x0000000084e00000,0x00000000854cc860,0x0000000087c00000)
 Metaspace       used 28522K, capacity 29896K, committed 30208K, reserved 1075200K
  class space    used 3974K, capacity 4234K, committed 4352K, reserved 1048576K
Event: 16.320 GC heap after
Heap after GC invocations=10 (full 1):
 PSYoungGen      total 118784K, used 10146K [0x00000000d6f80000, 0x00000000e2580000, 0x0000000100000000)
  eden space 108032K, 0% used [0x00000000d6f80000,0x00000000d6f80000,0x00000000dd900000)
  from space 10752K, 94% used [0x00000000dd900000,0x00000000de2e8950,0x00000000de380000)
  to   space 11776K, 0% used [0x00000000e1a00000,0x00000000e1a00000,0x00000000e2580000)
 ParOldGen       total 47104K, used 6970K [0x0000000084e00000, 0x0000000087c00000, 0x00000000d6f80000)
  object space 47104K, 14% used [0x0000000084e00000,0x00000000854ce860,0x0000000087c00000)
 Metaspace       used 28522K, capacity 29896K, committed 30208K, reserved 1075200K
  class space    used 3974K, capacity 4234K, committed 4352K, reserved 1048576K
}
Event: 18.069 GC heap before
{Heap before GC invocations=11 (full 1):
 PSYoungGen      total 118784K, used 63537K [0x00000000d6f80000, 0x00000000e2580000, 0x0000000100000000)
  eden space 108032K, 49% used [0x00000000d6f80000,0x00000000da3a3d10,0x00000000dd900000)
  from space 10752K, 94% used [0x00000000dd900000,0x00000000de2e8950,0x00000000de380000)
  to   space 11776K, 0% used [0x00000000e1a00000,0x00000000e1a00000,0x00000000e2580000)
 ParOldGen       total 47104K, used 6970K [0x0000000084e00000, 0x0000000087c00000, 0x00000000d6f80000)
  object space 47104K, 14% used [0x0000000084e00000,0x00000000854ce860,0x0000000087c00000)
 Metaspace       used 31909K, capacity 33418K, committed 33536K, reserved 1081344K
  class space    used 4463K, capacity 4750K, committed 4864K, reserved 1048576K
Event: 18.084 GC heap after
Heap after GC invocations=11 (full 1):
 PSYoungGen      total 170496K, used 7237K [0x00000000d6f80000, 0x00000000e2380000, 0x0000000100000000)
  eden space 160768K, 0% used [0x00000000d6f80000,0x00000000d6f80000,0x00000000e0c80000)
  from space 9728K, 74% used [0x00000000e1a00000,0x00000000e2111580,0x00000000e2380000)
  to   space 11776K, 0% used [0x00000000e0c80000,0x00000000e0c80000,0x00000000e1800000)
 ParOldGen       total 47104K, used 9426K [0x0000000084e00000, 0x0000000087c00000, 0x00000000d6f80000)
  object space 47104K, 20% used [0x0000000084e00000,0x0000000085734880,0x0000000087c00000)
 Metaspace       used 31909K, capacity 33418K, committed 33536K, reserved 1081344K
  class space    used 4463K, capacity 4750K, committed 4864K, reserved 1048576K
}
Event: 18.084 GC heap before
{Heap before GC invocations=12 (full 2):
 PSYoungGen      total 170496K, used 7237K [0x00000000d6f80000, 0x00000000e2380000, 0x0000000100000000)
  eden space 160768K, 0% used [0x00000000d6f80000,0x00000000d6f80000,0x00000000e0c80000)
  from space 9728K, 74% used [0x00000000e1a00000,0x00000000e2111580,0x00000000e2380000)
  to   space 11776K, 0% used [0x00000000e0c80000,0x00000000e0c80000,0x00000000e1800000)
 ParOldGen       total 47104K, used 9426K [0x0000000084e00000, 0x0000000087c00000, 0x00000000d6f80000)
  object space 47104K, 20% used [0x0000000084e00000,0x0000000085734880,0x0000000087c00000)
 Metaspace       used 31909K, capacity 33418K, committed 33536K, reserved 1081344K
  class space    used 4463K, capacity 4750K, committed 4864K, reserved 1048576K
Event: 18.223 GC heap after
Heap after GC invocations=12 (full 2):
 PSYoungGen      total 170496K, used 0K [0x00000000d6f80000, 0x00000000e2380000, 0x0000000100000000)
  eden space 160768K, 0% used [0x00000000d6f80000,0x00000000d6f80000,0x00000000e0c80000)
  from space 9728K, 0% used [0x00000000e1a00000,0x00000000e1a00000,0x00000000e2380000)
  to   space 11776K, 0% used [0x00000000e0c80000,0x00000000e0c80000,0x00000000e1800000)
 ParOldGen       total 47104K, used 14715K [0x0000000084e00000, 0x0000000087c00000, 0x00000000d6f80000)
  object space 47104K, 31% used [0x0000000084e00000,0x0000000085c5ed18,0x0000000087c00000)
 Metaspace       used 31909K, capacity 33418K, committed 33536K, reserved 1079296K
  class space    used 4463K, capacity 4750K, committed 4864K, reserved 1048576K
}

Deoptimization events (0 events):
No events

Internal exceptions (10 events):
Event: 20.445 Thread 0x00000000186af000 Exception <a 'java/lang/ArrayIndexOutOfBoundsException'> (0x00000000d968dc30) thrown at [D:\re\workspace\8-2-build-windows-amd64-cygwin\jdk8u20\1074\hotspot\src\share\vm\runtime\sharedRuntime.cpp, line 604]
Event: 20.445 Thread 0x00000000186af000 Exception <a 'java/lang/ArrayIndexOutOfBoundsException'> (0x00000000d96928c8) thrown at [D:\re\workspace\8-2-build-windows-amd64-cygwin\jdk8u20\1074\hotspot\src\share\vm\runtime\sharedRuntime.cpp, line 604]
Event: 20.446 Thread 0x00000000186af000 Exception <a 'java/lang/ArrayIndexOutOfBoundsException'> (0x00000000d96968a8) thrown at [D:\re\workspace\8-2-build-windows-amd64-cygwin\jdk8u20\1074\hotspot\src\share\vm\runtime\sharedRuntime.cpp, line 604]
Event: 20.446 Thread 0x00000000186af000 Exception <a 'java/lang/ArrayIndexOutOfBoundsException'> (0x00000000d969a768) thrown at [D:\re\workspace\8-2-build-windows-amd64-cygwin\jdk8u20\1074\hotspot\src\share\vm\runtime\sharedRuntime.cpp, line 604]
Event: 20.446 Thread 0x00000000186af000 Exception <a 'java/lang/ArrayIndexOutOfBoundsException'> (0x00000000d969d458) thrown at [D:\re\workspace\8-2-build-windows-amd64-cygwin\jdk8u20\1074\hotspot\src\share\vm\runtime\sharedRuntime.cpp, line 604]
Event: 20.447 Thread 0x00000000186af000 Exception <a 'java/lang/ArrayIndexOutOfBoundsException'> (0x00000000d96a15c0) thrown at [D:\re\workspace\8-2-build-windows-amd64-cygwin\jdk8u20\1074\hotspot\src\share\vm\runtime\sharedRuntime.cpp, line 604]
Event: 20.447 Thread 0x00000000186af000 Exception <a 'java/lang/ArrayIndexOutOfBoundsException'> (0x00000000d96a63c0) thrown at [D:\re\workspace\8-2-build-windows-amd64-cygwin\jdk8u20\1074\hotspot\src\share\vm\runtime\sharedRuntime.cpp, line 604]
Event: 20.447 Thread 0x00000000186af000 Exception <a 'java/lang/ArrayIndexOutOfBoundsException'> (0x00000000d96aa308) thrown at [D:\re\workspace\8-2-build-windows-amd64-cygwin\jdk8u20\1074\hotspot\src\share\vm\runtime\sharedRuntime.cpp, line 604]
Event: 20.448 Thread 0x00000000186af000 Exception <a 'java/lang/ArrayIndexOutOfBoundsException'> (0x00000000d96ae9d0) thrown at [D:\re\workspace\8-2-build-windows-amd64-cygwin\jdk8u20\1074\hotspot\src\share\vm\runtime\sharedRuntime.cpp, line 604]
Event: 20.448 Thread 0x00000000186af000 Exception <a 'java/lang/ArrayIndexOutOfBoundsException'> (0x00000000d96b1f78) thrown at [D:\re\workspace\8-2-build-windows-amd64-cygwin\jdk8u20\1074\hotspot\src\share\vm\runtime\sharedRuntime.cpp, line 604]

Events (10 events):
Event: 20.419 loading class org/hibernate/validator/internal/util/ConcurrentReferenceHashMap$KeyReference
Event: 20.419 loading class org/hibernate/validator/internal/util/ConcurrentReferenceHashMap$KeyReference done
Event: 20.419 loading class org/hibernate/validator/internal/util/ConcurrentReferenceHashMap$SoftValueReference
Event: 20.419 loading class org/hibernate/validator/internal/util/ConcurrentReferenceHashMap$SoftValueReference done
Event: 20.420 loading class java/util/UUID$Holder
Event: 20.420 loading class java/util/UUID$Holder done
Event: 20.423 loading class org/hibernate/validator/internal/metadata/provider/AnnotationMetaDataProvider$NestedTypeArgumentLocation
Event: 20.423 loading class org/hibernate/validator/internal/metadata/provider/AnnotationMetaDataProvider$NestedTypeArgumentLocation done
Event: 20.424 loading class java/util/HashMap$EntrySpliterator
Event: 20.424 loading class java/util/HashMap$EntrySpliterator done


Dynamic libraries:
0x000000013f850000 - 0x000000013f884000 	D:\java_64\bin\java.exe
0x0000000077a80000 - 0x0000000077c1f000 	C:\Windows\SYSTEM32\ntdll.dll
0x0000000077820000 - 0x000000007793f000 	C:\Windows\system32\kernel32.dll
0x000007fefd410000 - 0x000007fefd477000 	C:\Windows\system32\KERNELBASE.dll
0x000007fefe440000 - 0x000007fefe51b000 	C:\Windows\system32\ADVAPI32.dll
0x000007fefdcf0000 - 0x000007fefdd8f000 	C:\Windows\system32\msvcrt.dll
0x000007fefe070000 - 0x000007fefe08f000 	C:\Windows\SYSTEM32\sechost.dll
0x000007fefe090000 - 0x000007fefe1bc000 	C:\Windows\system32\RPCRT4.dll
0x0000000077720000 - 0x000000007781a000 	C:\Windows\system32\USER32.dll
0x000007fefdea0000 - 0x000007fefdf07000 	C:\Windows\system32\GDI32.dll
0x000007fefef10000 - 0x000007fefef1e000 	C:\Windows\system32\LPK.dll
0x000007fefd800000 - 0x000007fefd8cb000 	C:\Windows\system32\USP10.dll
0x000007fefbd90000 - 0x000007fefbf85000 	C:\Windows\WinSxS\amd64_microsoft.windows.common-controls_6595b64144ccf1df_6.0.7601.24483_none_e372d88f30fbb845\COMCTL32.dll
0x000007fefd8d0000 - 0x000007fefd941000 	C:\Windows\system32\SHLWAPI.dll
0x000007fefe520000 - 0x000007fefe54e000 	C:\Windows\system32\IMM32.DLL
0x000007fefdd90000 - 0x000007fefde9b000 	C:\Windows\system32\MSCTF.dll
0x0000000069ae0000 - 0x0000000069bb2000 	D:\java_64\bin\msvcr100.dll
0x0000000055780000 - 0x0000000055fd8000 	D:\java_64\bin\server\jvm.dll
0x000007fef7ac0000 - 0x000007fef7ac9000 	C:\Windows\system32\WSOCK32.dll
0x000007fefe3f0000 - 0x000007fefe43d000 	C:\Windows\system32\WS2_32.dll
0x000007fefef20000 - 0x000007fefef28000 	C:\Windows\system32\NSI.dll
0x000007fefd670000 - 0x000007fefd6ab000 	C:\Windows\system32\WINMM.dll
0x0000000077c30000 - 0x0000000077c37000 	C:\Windows\system32\PSAPI.DLL
0x000000006bbd0000 - 0x000000006bbdf000 	D:\java_64\bin\verify.dll
0x000000006bba0000 - 0x000000006bbc8000 	D:\java_64\bin\java.dll
0x00000000699c0000 - 0x00000000699e3000 	D:\java_64\bin\instrument.dll
0x000000006bb60000 - 0x000000006bb76000 	D:\java_64\bin\zip.dll
0x000007fefef50000 - 0x000007feffcdb000 	C:\Windows\system32\SHELL32.dll
0x000007fefd9f0000 - 0x000007fefdbef000 	C:\Windows\system32\ole32.dll
0x000007fefd3a0000 - 0x000007fefd3af000 	C:\Windows\system32\profapi.dll
0x000007fee6d00000 - 0x000007fee6d1a000 	D:\Program Files\JetBrains\IntelliJ IDEA 2018.3.5\bin\breakgen64.dll
0x0000000069770000 - 0x000000006978a000 	D:\java_64\bin\net.dll
0x000007fefca70000 - 0x000007fefcac5000 	C:\Windows\system32\mswsock.dll
0x000007fefca60000 - 0x000007fefca67000 	C:\Windows\System32\wship6.dll
0x000007fefc4a0000 - 0x000007fefc4a7000 	C:\Windows\System32\wshtcpip.dll
0x000007fefc8f0000 - 0x000007fefc94b000 	C:\Windows\system32\DNSAPI.dll
0x0000000070170000 - 0x0000000070196000 	C:\Program Files\Bonjour\mdnsNSP.dll
0x000007fefb3d0000 - 0x000007fefb3f7000 	C:\Windows\system32\Iphlpapi.DLL
0x000007fefb3c0000 - 0x000007fefb3cb000 	C:\Windows\system32\WINNSI.DLL
0x000007fef67d0000 - 0x000007fef67d8000 	C:\Windows\system32\rasadhlp.dll
0x000007fefab50000 - 0x000007fefaba3000 	C:\Windows\System32\fwpuclnt.dll
0x000000006db60000 - 0x000000006db6d000 	D:\java_64\bin\management.dll
0x00000000696d0000 - 0x00000000696e1000 	D:\java_64\bin\nio.dll
0x000007fefcad0000 - 0x000007fefcae8000 	C:\Windows\system32\CRYPTSP.dll
0x000007fefc7d0000 - 0x000007fefc817000 	C:\Windows\system32\rsaenh.dll
0x000007fefd3c0000 - 0x000007fefd3df000 	C:\Windows\system32\USERENV.dll
0x000007fefd240000 - 0x000007fefd24f000 	C:\Windows\system32\CRYPTBASE.dll
0x000007fefabb0000 - 0x000007fefabc8000 	C:\Windows\system32\dhcpcsvc.DLL
0x000007fefab30000 - 0x000007fefab41000 	C:\Windows\system32\dhcpcsvc6.DLL
0x000007fefb050000 - 0x000007fefb065000 	C:\Windows\system32\NLAapi.dll
0x000007fef6820000 - 0x000007fef6835000 	C:\Windows\system32\napinsp.dll
0x000007fef6800000 - 0x000007fef6819000 	C:\Windows\system32\pnrpnsp.dll
0x000007fef67f0000 - 0x000007fef67fb000 	C:\Windows\System32\winrnr.dll
0x000007fef67e0000 - 0x000007fef67f0000 	C:\Windows\system32\wshbth.dll

VM Arguments:
jvm_args: -XX:TieredStopAtLevel=1 -Xverify:none -Dspring.output.ansi.enabled=always -Dcom.sun.management.jmxremote -Dspring.liveBeansView.mbeanDomain -Dspring.application.admin.enabled=true -javaagent:D:\Program Files\JetBrains\IntelliJ IDEA 2018.3.5\lib\idea_rt.jar=55124:D:\Program Files\JetBrains\IntelliJ IDEA 2018.3.5\bin -Dfile.encoding=UTF-8 
java_command: com.course.gateway.GatewayApplication
java_class_path (initial): D:\java_64\jre\lib\charsets.jar;D:\java_64\jre\lib\deploy.jar;D:\java_64\jre\lib\ext\access-bridge-64.jar;D:\java_64\jre\lib\ext\cldrdata.jar;D:\java_64\jre\lib\ext\dnsns.jar;D:\java_64\jre\lib\ext\jaccess.jar;D:\java_64\jre\lib\ext\jfxrt.jar;D:\java_64\jre\lib\ext\localedata.jar;D:\java_64\jre\lib\ext\nashorn.jar;D:\java_64\jre\lib\ext\sunec.jar;D:\java_64\jre\lib\ext\sunjce_provider.jar;D:\java_64\jre\lib\ext\sunmscapi.jar;D:\java_64\jre\lib\ext\sunpkcs11.jar;D:\java_64\jre\lib\ext\zipfs.jar;D:\java_64\jre\lib\javaws.jar;D:\java_64\jre\lib\jce.jar;D:\java_64\jre\lib\jfr.jar;D:\java_64\jre\lib\jfxswt.jar;D:\java_64\jre\lib\jsse.jar;D:\java_64\jre\lib\management-agent.jar;D:\java_64\jre\lib\plugin.jar;D:\java_64\jre\lib\resources.jar;D:\java_64\jre\lib\rt.jar;D:\IdeaWorkspace\course\gateway\target\classes;E:\software\apache-maven\repository\org\springframework\cloud\spring-cloud-starter-gateway\2.2.0.RELEASE\spring-cloud-starter-gateway-2.2.0.RELEASE.jar;E:\software\apache-maven\repository\org\springframework\cloud\spring-cloud-starter\2.2.0.RELEASE\spring-cloud-starter-2.2.0.RELEASE.jar;E:\software\apache-maven\repository\org\springframework\cloud\spring-cloud-context\2.2.0.RELEASE\spring-cloud-context-2.2.0.RELEASE.jar;E:\software\apache-maven\repository\org\springframework\security\spring-security-crypto\5.2.1.RELEASE\spring-security-crypto-5.2.1.RELEASE.jar;E:\software\apache-maven\repository\org\springframework\cloud\spring-cloud-commons\2.2.0.RELEASE\spring-cloud-commons-2.2.0.RELEASE.jar;E:\software\apache-maven\repository\org\springframework\security\spring-security-rsa\1.0.7.RELEASE\spring-security-rsa-1.0.7.RELEASE.jar;E:\software\apache-maven\repository\org\bouncycastle\bcpkix-jdk15on\1.60\bcpkix-jdk15on-1.60.jar;E:\software\apache-maven\repository\org\bouncycastle\bcprov-jdk15on\1.60\bcprov-jdk15on-1.60.jar;E:\software\apache-maven\repository\org\springframework\cloud\spring-cloud-gateway-core\2.2.0.RELEASE\spring-cloud-gatew
Launcher Type: SUN_STANDARD

Environment Variables:
JAVA_HOME=D:\java_64
CLASSPATH=%CLASSPATH%;D:\RmiJdbc\dist\lib\RmiJdbc.jar;;D:\RmiJdbc\dist\lib\RmiJdbc.jar;;D:\RmiJdbc\dist\lib\RmiJdbc.jar;
PATH=D:\Oracle\database\product\11.2.0\dbhome_1\bin;C:\ProgramData\Oracle\Java\javapath;C:\Windows\system32;C:\Windows;C:\Windows\System32\Wbem;C:\Windows\System32\WindowsPowerShell\v1.0\;D:\java_64\bin;C:\Oracle\ora90\BIN\;D:\Program Files (x86)\Microsoft SQL Server\100\Tools\Binn\;D:\Program Files (x86)\Microsoft SQL Server\100\DTS\Binn\;E:\Program Files (x86)\VisualSVN Server\bin;E:\Program Files (x86)\TortoiseSVN\bin;E:\software\apache-maven\bin;C:\Program Files\Intel\WiFi\bin\;C:\Program Files\Common Files\Intel\WirelessCommon\;C:\Program Files\Lenovo\Fingerprint Manager Pro\;E:\software\erl9.0\bin;E:\software\RabbitMQ\rabbitmq_server-3.7.0\sbin;E:\software\nvm;E:\Program Files\nodejs;D:\Program Files\nodejs\;E:\software\Git\Git\cmd;E:\software\TortoiseGit\bin;C:\Program Files\Intel\WiFi\bin\;C:\Program Files\Common Files\Intel\WirelessCommon\;E:\software\nvm;E:\Program Files\nodejs;E:\software\Microsoft VS Code\bin;C:\Users\JK\AppData\Roaming\npm
USERNAME=JK
OS=Windows_NT
PROCESSOR_IDENTIFIER=Intel64 Family 6 Model 69 Stepping 1, GenuineIntel



---------------  S Y S T E M  ---------------

OS: Windows 7 , 64 bit Build 7601 Service Pack 1

CPU:total 4 (2 cores per cpu, 2 threads per core) family 6 model 69 stepping 1, cmov, cx8, fxsr, mmx, sse, sse2, sse3, ssse3, sse4.1, sse4.2, popcnt, avx, avx2, clmul, erms, lzcnt, ht, tsc, tscinvbit, bmi1, bmi2

Memory: 4k page, physical 8068928k(1110840k free), swap 8067028k(1004k free)

vm_info: Java HotSpot(TM) 64-Bit Server VM (25.20-b23) for windows-amd64 JRE (1.8.0_20-b26), built on Jul 30 2014 13:51:23 by "java_re" with MS VC++ 10.0 (VS2010)

time: Wed Dec 09 17:42:58 2020
elapsed time: 20 seconds (0d 0h 0m 20s)

