#
# There is insufficient memory for the Java Runtime Environment to continue.
# Native memory allocation (malloc) failed to allocate 1048576 bytes for AllocateHeap
# Possible reasons:
#   The system is out of physical RAM or swap space
#   In 32 bit mode, the process size limit was hit
# Possible solutions:
#   Reduce memory load on the system
#   Increase physical memory or swap space
#   Check if swap backing store is full
#   Use 64 bit Java on a 64 bit OS
#   Decrease Java heap size (-Xmx/-Xms)
#   Decrease number of Java threads
#   Decrease Java thread stack sizes (-Xss)
#   Set larger code cache with -XX:ReservedCodeCacheSize=
# This output file may be truncated or incomplete.
#
#  Out of Memory Error (memory/allocation.inline.hpp:62), pid=11092, tid=6424
#
# JRE version:  (8.0_20-b26) (build )
# Java VM: Java HotSpot(TM) 64-Bit Server VM (25.20-b23 mixed mode windows-amd64 compressed oops)
# Failed to write core dump. Minidumps are not enabled by default on client versions of Windows
#

---------------  T H R E A D  ---------------

Current thread (0x000000000204a000):  JavaThread "Unknown thread" [_thread_in_vm, id=6424, stack(0x0000000002480000,0x0000000002580000)]

Stack: [0x0000000002480000,0x0000000002580000]
Native frames: (J=compiled Java code, j=interpreted, Vv=VM code, C=native code)
V  [jvm.dll+0x3152fa]


---------------  P R O C E S S  ---------------

Java Threads: ( => current thread )

Other Threads:

=>0x000000000204a000 (exited) JavaThread "Unknown thread" [_thread_in_vm, id=6424, stack(0x0000000002480000,0x0000000002580000)]

VM state:not at safepoint (normal execution)

VM Mutex/Monitor currently owned by a thread: None

Heap:
 PSYoungGen      total 36864K, used 634K [0x00000000d6f80000, 0x00000000d9880000, 0x0000000100000000)
  eden space 31744K, 2% used [0x00000000d6f80000,0x00000000d701eb90,0x00000000d8e80000)
  from space 5120K, 0% used [0x00000000d9380000,0x00000000d9380000,0x00000000d9880000)
  to   space 5120K, 0% used [0x00000000d8e80000,0x00000000d8e80000,0x00000000d9380000)
 ParOldGen       total 84992K, used 0K [0x0000000084e00000, 0x000000008a100000, 0x00000000d6f80000)
  object space 84992K, 0% used [0x0000000084e00000,0x0000000084e00000,0x000000008a100000)
 Metaspace       used 654K, capacity 4480K, committed 4480K, reserved 1056768K
  class space    used 66K, capacity 384K, committed 384K, reserved 1048576K

Card table byte_map: [0x0000000011940000,0x0000000011d20000] byte_map_base: 0x0000000011519000

Marking Bits: (ParMarkBitMap*) 0x0000000055f5b460
 Begin Bits: [0x0000000012470000, 0x0000000014338000)
 End Bits:   [0x0000000014338000, 0x0000000016200000)

Polling page: 0x0000000000110000

CodeCache: size=245760Kb used=327Kb max_used=327Kb free=245432Kb
 bounds [0x0000000002580000, 0x00000000027f0000, 0x0000000011580000]
 total_blobs=56 nmethods=0 adapters=37
 compilation: enabled

Compilation events (0 events):
No events

GC Heap History (0 events):
No events

Deoptimization events (0 events):
No events

Internal exceptions (0 events):
No events

Events (10 events):
Event: 0.110 loading class java/lang/Short
Event: 0.110 loading class java/lang/Short done
Event: 0.110 loading class java/lang/Integer
Event: 0.111 loading class java/lang/Integer done
Event: 0.111 loading class java/lang/Long
Event: 0.111 loading class java/lang/Long done
Event: 0.113 loading class java/lang/NullPointerException
Event: 0.113 loading class java/lang/NullPointerException done
Event: 0.113 loading class java/lang/ArithmeticException
Event: 0.113 loading class java/lang/ArithmeticException done


Dynamic libraries:
0x000000013f850000 - 0x000000013f884000 	D:\java_64\bin\java.exe
0x0000000077a80000 - 0x0000000077c1f000 	C:\Windows\SYSTEM32\ntdll.dll
0x0000000077820000 - 0x000000007793f000 	C:\Windows\system32\kernel32.dll
0x000007fefd410000 - 0x000007fefd477000 	C:\Windows\system32\KERNELBASE.dll
0x000007fefe440000 - 0x000007fefe51b000 	C:\Windows\system32\ADVAPI32.dll
0x000007fefdcf0000 - 0x000007fefdd8f000 	C:\Windows\system32\msvcrt.dll
0x000007fefe070000 - 0x000007fefe08f000 	C:\Windows\SYSTEM32\sechost.dll
0x000007fefe090000 - 0x000007fefe1bc000 	C:\Windows\system32\RPCRT4.dll
0x0000000077720000 - 0x000000007781a000 	C:\Windows\system32\USER32.dll
0x000007fefdea0000 - 0x000007fefdf07000 	C:\Windows\system32\GDI32.dll
0x000007fefef10000 - 0x000007fefef1e000 	C:\Windows\system32\LPK.dll
0x000007fefd800000 - 0x000007fefd8cb000 	C:\Windows\system32\USP10.dll
0x000007fefbd90000 - 0x000007fefbf85000 	C:\Windows\WinSxS\amd64_microsoft.windows.common-controls_6595b64144ccf1df_6.0.7601.24483_none_e372d88f30fbb845\COMCTL32.dll
0x000007fefd8d0000 - 0x000007fefd941000 	C:\Windows\system32\SHLWAPI.dll
0x000007fefe520000 - 0x000007fefe54e000 	C:\Windows\system32\IMM32.DLL
0x000007fefdd90000 - 0x000007fefde9b000 	C:\Windows\system32\MSCTF.dll
0x0000000069ae0000 - 0x0000000069bb2000 	D:\java_64\bin\msvcr100.dll
0x0000000055780000 - 0x0000000055fd8000 	D:\java_64\bin\server\jvm.dll
0x000007fef7ac0000 - 0x000007fef7ac9000 	C:\Windows\system32\WSOCK32.dll
0x000007fefe3f0000 - 0x000007fefe43d000 	C:\Windows\system32\WS2_32.dll
0x000007fefef20000 - 0x000007fefef28000 	C:\Windows\system32\NSI.dll
0x000007fefd670000 - 0x000007fefd6ab000 	C:\Windows\system32\WINMM.dll
0x0000000077c30000 - 0x0000000077c37000 	C:\Windows\system32\PSAPI.DLL
0x000000006bbd0000 - 0x000000006bbdf000 	D:\java_64\bin\verify.dll
0x000000006bba0000 - 0x000000006bbc8000 	D:\java_64\bin\java.dll
0x00000000699c0000 - 0x00000000699e3000 	D:\java_64\bin\instrument.dll
0x000000006bb60000 - 0x000000006bb76000 	D:\java_64\bin\zip.dll

VM Arguments:
jvm_args: -XX:TieredStopAtLevel=1 -Xverify:none -Dspring.output.ansi.enabled=always -Dcom.sun.management.jmxremote -Dspring.liveBeansView.mbeanDomain -Dspring.application.admin.enabled=true -javaagent:D:\Program Files\JetBrains\IntelliJ IDEA 2018.3.5\lib\idea_rt.jar=55204:D:\Program Files\JetBrains\IntelliJ IDEA 2018.3.5\bin -Dfile.encoding=UTF-8 
java_command: com.course.system.config.SystemApplication
java_class_path (initial): D:\java_64\jre\lib\charsets.jar;D:\java_64\jre\lib\deploy.jar;D:\java_64\jre\lib\ext\access-bridge-64.jar;D:\java_64\jre\lib\ext\cldrdata.jar;D:\java_64\jre\lib\ext\dnsns.jar;D:\java_64\jre\lib\ext\jaccess.jar;D:\java_64\jre\lib\ext\jfxrt.jar;D:\java_64\jre\lib\ext\localedata.jar;D:\java_64\jre\lib\ext\nashorn.jar;D:\java_64\jre\lib\ext\sunec.jar;D:\java_64\jre\lib\ext\sunjce_provider.jar;D:\java_64\jre\lib\ext\sunmscapi.jar;D:\java_64\jre\lib\ext\sunpkcs11.jar;D:\java_64\jre\lib\ext\zipfs.jar;D:\java_64\jre\lib\javaws.jar;D:\java_64\jre\lib\jce.jar;D:\java_64\jre\lib\jfr.jar;D:\java_64\jre\lib\jfxswt.jar;D:\java_64\jre\lib\jsse.jar;D:\java_64\jre\lib\management-agent.jar;D:\java_64\jre\lib\plugin.jar;D:\java_64\jre\lib\resources.jar;D:\java_64\jre\lib\rt.jar;D:\IdeaWorkspace\course\system\target\classes;E:\software\apache-maven\repository\org\springframework\cloud\spring-cloud-starter-netflix-eureka-client\2.2.0.RELEASE\spring-cloud-starter-netflix-eureka-client-2.2.0.RELEASE.jar;E:\software\apache-maven\repository\org\springframework\cloud\spring-cloud-starter\2.2.0.RELEASE\spring-cloud-starter-2.2.0.RELEASE.jar;E:\software\apache-maven\repository\org\springframework\cloud\spring-cloud-context\2.2.0.RELEASE\spring-cloud-context-2.2.0.RELEASE.jar;E:\software\apache-maven\repository\org\springframework\security\spring-security-crypto\5.2.1.RELEASE\spring-security-crypto-5.2.1.RELEASE.jar;E:\software\apache-maven\repository\org\springframework\cloud\spring-cloud-commons\2.2.0.RELEASE\spring-cloud-commons-2.2.0.RELEASE.jar;E:\software\apache-maven\repository\org\springframework\security\spring-security-rsa\1.0.7.RELEASE\spring-security-rsa-1.0.7.RELEASE.jar;E:\software\apache-maven\repository\org\bouncycastle\bcpkix-jdk15on\1.60\bcpkix-jdk15on-1.60.jar;E:\software\apache-maven\repository\org\bouncycastle\bcprov-jdk15on\1.60\bcprov-jdk15on-1.60.jar;E:\software\apache-maven\repository\org\springframework\cloud\spring-cloud-netflix-hystrix\2.
Launcher Type: SUN_STANDARD

Environment Variables:
JAVA_HOME=D:\java_64
CLASSPATH=%CLASSPATH%;D:\RmiJdbc\dist\lib\RmiJdbc.jar;;D:\RmiJdbc\dist\lib\RmiJdbc.jar;;D:\RmiJdbc\dist\lib\RmiJdbc.jar;
PATH=D:\Oracle\database\product\11.2.0\dbhome_1\bin;C:\ProgramData\Oracle\Java\javapath;C:\Windows\system32;C:\Windows;C:\Windows\System32\Wbem;C:\Windows\System32\WindowsPowerShell\v1.0\;D:\java_64\bin;C:\Oracle\ora90\BIN\;D:\Program Files (x86)\Microsoft SQL Server\100\Tools\Binn\;D:\Program Files (x86)\Microsoft SQL Server\100\DTS\Binn\;E:\Program Files (x86)\VisualSVN Server\bin;E:\Program Files (x86)\TortoiseSVN\bin;E:\software\apache-maven\bin;C:\Program Files\Intel\WiFi\bin\;C:\Program Files\Common Files\Intel\WirelessCommon\;C:\Program Files\Lenovo\Fingerprint Manager Pro\;E:\software\erl9.0\bin;E:\software\RabbitMQ\rabbitmq_server-3.7.0\sbin;E:\software\nvm;E:\Program Files\nodejs;D:\Program Files\nodejs\;E:\software\Git\Git\cmd;E:\software\TortoiseGit\bin;C:\Program Files\Intel\WiFi\bin\;C:\Program Files\Common Files\Intel\WirelessCommon\;E:\software\nvm;E:\Program Files\nodejs;E:\software\Microsoft VS Code\bin;C:\Users\JK\AppData\Roaming\npm
USERNAME=JK
OS=Windows_NT
PROCESSOR_IDENTIFIER=Intel64 Family 6 Model 69 Stepping 1, GenuineIntel



---------------  S Y S T E M  ---------------

OS: Windows 7 , 64 bit Build 7601 Service Pack 1

CPU:total 4 (2 cores per cpu, 2 threads per core) family 6 model 69 stepping 1, cmov, cx8, fxsr, mmx, sse, sse2, sse3, ssse3, sse4.1, sse4.2, popcnt, avx, avx2, clmul, erms, lzcnt, ht, tsc, tscinvbit, bmi1, bmi2

Memory: 4k page, physical 8068928k(1406948k free), swap 8067028k(4892k free)

vm_info: Java HotSpot(TM) 64-Bit Server VM (25.20-b23) for windows-amd64 JRE (1.8.0_20-b26), built on Jul 30 2014 13:51:23 by "java_re" with MS VC++ 10.0 (VS2010)

time: Wed Dec 09 17:45:36 2020
elapsed time: 0 seconds (0d 0h 0m 0s)

